<?xml version="1.0" encoding="UTF-8"?>
<!-- Generated by org.testng.reporters.JUnitXMLReporter -->
<testsuite ignored="0" hostname="Arun" failures="0" tests="4" name="CarLoan" time="0.067" errors="0" timestamp="2024-09-11T19:23:10 IST">
  <testcase classname="TestPrac.copy.day1" name="carLoanWeb" time="0.011"/>
  <testcase classname="TestPrac.copy.day1" name="carLoanzzz" time="0.003"/>
  <testcase classname="TestPrac.copy.day2" name="carLoanAppium" time="0.003"/>
  <testcase classname="TestPrac.copy.day2" name="carLoanOtr" time="0.002"/>
</testsuite> <!-- CarLoan -->
